PhysicaloidLibrary/build/outputs/logs/manifest-merger-release-report.txt
-- Merging decision tree log ---
manifest
ADDED from ArduinoRoboMML\PhysicaloidLibrary\AndroidManifest.xml:1:1-8:12
INJECTED from ArduinoRoboMML\PhysicaloidLibrary\AndroidManifest.xml:1:1-8:12
INJECTED from ArduinoRoboMML\PhysicaloidLibrary\AndroidManifest.xml:1:1-8:12
INJECTED from ArduinoRoboMML\PhysicaloidLibrary\AndroidManifest.xml:1:1-8:12
INJECTED from ArduinoRoboMML\PhysicaloidLibrary\AndroidManifest.xml:1:1-8:12
INJECTED from ArduinoRoboMML\PhysicaloidLibrary\AndroidManifest.xml:1:1-8:12
INJECTED from ArduinoRoboMML\PhysicaloidLibrary\AndroidManifest.xml:1:1-8:12
	package
		ADDED from ArduinoRoboMML\PhysicaloidLibrary\AndroidManifest.xml:2:5-30
		INJECTED from ArduinoRoboMML\PhysicaloidLibrary\AndroidManifest.xml
		INJECTED from ArduinoRoboMML\PhysicaloidLibrary\AndroidManifest.xml
	android:versionName
		ADDED from ArduinoRoboMML\PhysicaloidLibrary\AndroidManifest.xml:4:5-35
		INJECTED from ArduinoRoboMML\PhysicaloidLibrary\AndroidManifest.xml
		INJECTED from ArduinoRoboMML\PhysicaloidLibrary\AndroidManifest.xml
	xmlns:android
		ADDED from ArduinoRoboMML\PhysicaloidLibrary\AndroidManifest.xml:1:11-69
	android:versionCode
		ADDED from ArduinoRoboMML\PhysicaloidLibrary\AndroidManifest.xml:3:5-32
		INJECTED from ArduinoRoboMML\PhysicaloidLibrary\AndroidManifest.xml
		INJECTED from ArduinoRoboMML\PhysicaloidLibrary\AndroidManifest.xml
uses-sdk
INJECTED from ArduinoRoboMML\PhysicaloidLibrary\AndroidManifest.xml reason: use-sdk injection requested
INJECTED from ArduinoRoboMML\PhysicaloidLibrary\AndroidManifest.xml
INJECTED from ArduinoRoboMML\PhysicaloidLibrary\AndroidManifest.xml
INJECTED from ArduinoRoboMML\PhysicaloidLibrary\AndroidManifest.xml
INJECTED from ArduinoRoboMML\PhysicaloidLibrary\AndroidManifest.xml
	android:targetSdkVersion
		INJECTED from ArduinoRoboMML\PhysicaloidLibrary\AndroidManifest.xml
		ADDED from ArduinoRoboMML\PhysicaloidLibrary\AndroidManifest.xml
		INJECTED from ArduinoRoboMML\PhysicaloidLibrary\AndroidManifest.xml
	android:minSdkVersion
		INJECTED from ArduinoRoboMML\PhysicaloidLibrary\AndroidManifest.xml
		ADDED from ArduinoRoboMML\PhysicaloidLibrary\AndroidManifest.xml
		INJECTED from ArduinoRoboMML\PhysicaloidLibrary\AndroidManifest.xml